<?xml version="1.0" encoding="UTF-8"?>
<testng-results ignored="0" total="2" passed="2" failed="0" skipped="0">
  <reporter-output>
  </reporter-output>
  <suite started-at="2024-12-26T19:18:28 IST" name="Default suite" finished-at="2024-12-26T19:18:52 IST" duration-ms="23044">
    <groups>
    </groups>
    <test started-at="2024-12-26T19:18:28 IST" name="Default test" finished-at="2024-12-26T19:18:52 IST" duration-ms="23044">
      <class name="Campaign.CreateCampaignTest">
        <test-method is-config="true" signature="bs()[pri:0, instance:Campaign.CreateCampaignTest@3c41ed1d]" started-at="2024-12-26T19:18:28 IST" name="bs" finished-at="2024-12-26T19:18:28 IST" duration-ms="11" status="PASS">
          <reporter-output>
          </reporter-output>
        </test-method> <!-- bs -->
        <test-method is-config="true" signature="bt()[pri:0, instance:Campaign.CreateCampaignTest@3c41ed1d]" started-at="2024-12-26T19:18:29 IST" name="bt" finished-at="2024-12-26T19:18:29 IST" duration-ms="1" status="PASS">
          <reporter-output>
          </reporter-output>
        </test-method> <!-- bt -->
        <test-method is-config="true" signature="bc()[pri:0, instance:Campaign.CreateCampaignTest@3c41ed1d]" started-at="2024-12-26T19:18:29 IST" name="bc" finished-at="2024-12-26T19:18:32 IST" duration-ms="3115" status="PASS">
          <reporter-output>
          </reporter-output>
        </test-method> <!-- bc -->
        <test-method is-config="true" signature="bm()[pri:0, instance:Campaign.CreateCampaignTest@3c41ed1d]" started-at="2024-12-26T19:18:32 IST" name="bm" finished-at="2024-12-26T19:18:35 IST" duration-ms="3208" status="PASS">
          <reporter-output>
          </reporter-output>
        </test-method> <!-- bm -->
        <test-method signature="createCampaignTest()[pri:0, instance:Campaign.CreateCampaignTest@3c41ed1d]" started-at="2024-12-26T19:18:35 IST" name="createCampaignTest" finished-at="2024-12-26T19:18:44 IST" duration-ms="8552" status="PASS">
          <reporter-output>
          </reporter-output>
        </test-method> <!-- createCampaignTest -->
        <test-method is-config="true" signature="am()[pri:0, instance:Campaign.CreateCampaignTest@3c41ed1d]" started-at="2024-12-26T19:18:44 IST" name="am" finished-at="2024-12-26T19:18:45 IST" duration-ms="1378" status="PASS">
          <reporter-output>
          </reporter-output>
        </test-method> <!-- am -->
        <test-method is-config="true" signature="bm()[pri:0, instance:Campaign.CreateCampaignTest@3c41ed1d]" started-at="2024-12-26T19:18:45 IST" name="bm" finished-at="2024-12-26T19:18:47 IST" duration-ms="2403" status="PASS">
          <reporter-output>
          </reporter-output>
        </test-method> <!-- bm -->
        <test-method signature="m2()[pri:0, instance:Campaign.CreateCampaignTest@3c41ed1d]" started-at="2024-12-26T19:18:47 IST" name="m2" finished-at="2024-12-26T19:18:47 IST" duration-ms="1" status="PASS">
          <reporter-output>
          </reporter-output>
        </test-method> <!-- m2 -->
        <test-method is-config="true" signature="am()[pri:0, instance:Campaign.CreateCampaignTest@3c41ed1d]" started-at="2024-12-26T19:18:47 IST" name="am" finished-at="2024-12-26T19:18:51 IST" duration-ms="3882" status="PASS">
          <reporter-output>
          </reporter-output>
        </test-method> <!-- am -->
        <test-method is-config="true" signature="ac()[pri:0, instance:Campaign.CreateCampaignTest@3c41ed1d]" started-at="2024-12-26T19:18:51 IST" name="ac" finished-at="2024-12-26T19:18:51 IST" duration-ms="188" status="PASS">
          <reporter-output>
          </reporter-output>
        </test-method> <!-- ac -->
        <test-method is-config="true" signature="at()[pri:0, instance:Campaign.CreateCampaignTest@3c41ed1d]" started-at="2024-12-26T19:18:51 IST" name="at" finished-at="2024-12-26T19:18:52 IST" duration-ms="1" status="PASS">
          <reporter-output>
          </reporter-output>
        </test-method> <!-- at -->
        <test-method is-config="true" signature="as()[pri:0, instance:Campaign.CreateCampaignTest@3c41ed1d]" started-at="2024-12-26T19:18:52 IST" name="as" finished-at="2024-12-26T19:18:52 IST" duration-ms="2" status="PASS">
          <reporter-output>
          </reporter-output>
        </test-method> <!-- as -->
      </class> <!-- Campaign.CreateCampaignTest -->
    </test> <!-- Default test -->
  </suite> <!-- Default suite -->
</testng-results>
